C51 COMPILER V9.00   111                                                                   01/09/2019 12:07:01 PAGE 1   


C51 COMPILER V9.00, COMPILATION OF MODULE 111
OBJECT MODULE PLACED IN 111.OBJ
COMPILER INVOKED BY: C:\Keil\C51\BIN\C51.EXE 111.c BROWSE DEBUG OBJECTEXTEND

line level    source

   1          #include<reg51.h>
   2          void main()
   3          {
   4   1      
   5   1      
   6   1      //I HAVE CHANGE 010901
   7   1      
   8   1      //BAUD
   9   1      TMOD=0X20;
  10   1      TH1=0XFD;
  11   1      TL1=0XFD;
  12   1      TR1=1;
  13   1      //seial
  14   1      SM0=0;
  15   1      SM1=1;
  16   1      REN=1;
  17   1      ES=1;
  18   1      EA=1;
  19   1      while(1);
  20   1      }
  21          
  22          void serial() interrupt 4
  23          {      
  24   1               if(RI==1)              
  25   1              {
  26   2                 P1=SBUF;
  27   2                 while(!RI);
  28   2                 RI=0;
  29   2      }        
  30   1      }


MODULE INFORMATION:   STATIC OVERLAYABLE
   CODE SIZE        =     35    ----
   CONSTANT SIZE    =   ----    ----
   XDATA SIZE       =   ----    ----
   PDATA SIZE       =   ----    ----
   DATA SIZE        =   ----    ----
   IDATA SIZE       =   ----    ----
   BIT SIZE         =   ----    ----
END OF MODULE INFORMATION.


C51 COMPILATION COMPLETE.  0 WARNING(S),  0 ERROR(S)
